H:\PROJECTS\COMPILER-TOOLS\BUILD\OBJ\RELEASE\CTOOLS\SERVICES.OBJ
H:\PROJECTS\COMPILER-TOOLS\BUILD\OBJ\RELEASE\CTOOLS\SCANMACHINE.OBJ
H:\PROJECTS\COMPILER-TOOLS\BUILD\OBJ\RELEASE\CTOOLS\REGEX.OBJ
H:\PROJECTS\COMPILER-TOOLS\BUILD\OBJ\RELEASE\CTOOLS\MEMORY.OBJ
H:\PROJECTS\COMPILER-TOOLS\BUILD\OBJ\RELEASE\CTOOLS\MACHINEWALKER.OBJ
H:\PROJECTS\COMPILER-TOOLS\BUILD\OBJ\RELEASE\CTOOLS\LEXERFACTORY.OBJ
H:\PROJECTS\COMPILER-TOOLS\BUILD\OBJ\RELEASE\CTOOLS\FSM.OBJ
H:\PROJECTS\COMPILER-TOOLS\BUILD\OBJ\RELEASE\CTOOLS\VC110.PDB
H:\Projects\compiler-tools\build\obj\Release\CTools\Services.obj
H:\Projects\compiler-tools\build\obj\Release\CTools\ScanMachine.obj
H:\Projects\compiler-tools\build\obj\Release\CTools\RegEx.obj
H:\Projects\compiler-tools\build\obj\Release\CTools\Memory.obj
H:\Projects\compiler-tools\build\obj\Release\CTools\MachineWalker.obj
H:\Projects\compiler-tools\build\obj\Release\CTools\LexerFactory.obj
H:\Projects\compiler-tools\build\obj\Release\CTools\FSM.obj
H:\Projects\compiler-tools\build\obj\Release\CTools\CL.read.1.tlog
H:\Projects\compiler-tools\build\obj\Release\CTools\CL.write.1.tlog
H:\Projects\compiler-tools\build\obj\Release\CTools\cl.command.1.tlog
H:\Projects\compiler-tools\build\obj\Release\CTools\link.read.1.tlog
H:\Projects\compiler-tools\build\obj\Release\CTools\link.write.1.tlog
H:\Projects\compiler-tools\build\obj\Release\CTools\link.command.1.tlog
H:\Projects\compiler-tools\build\obj\Release\CTools\link-rc.read.1.tlog
H:\Projects\compiler-tools\build\obj\Release\CTools\link-rc.write.1.tlog
H:\Projects\compiler-tools\build\obj\Release\CTools\link-cvtres.read.1.tlog
H:\Projects\compiler-tools\build\obj\Release\CTools\link-cvtres.write.1.tlog
H:\Projects\compiler-tools\build\obj\Release\CTools\vc110.pdb
H:\Projects\compiler-tools\build\obj\Release\CTools\vc140.pdb
