Build started 21/10/2015 10:37:12 م.
     1>Project "E:\Projects\compiler-tools\build\CTools.vcxproj" on node 2 (Build target(s)).
     1>ClCompile:
         C:\Program Files (x86)\Microsoft Visual Studio 11.0\VC\bin\x86_amd64\CL.exe /c /I..\inc /Zi /nologo /W3 /WX- /Ox /Oi /D NDEBUG /D COMPILE_DLL /D _WINDLL /D _MBCS /GF /Gm- /EHsc /MD /GS /Gy /fp:precise /Zc:wchar_t /Zc:forScope /Fo"x64\Release\\" /Fd"x64\Release\vc110.pdb" /Gd /TP /errorReport:prompt -std=c++11 -pthread ..\src\FSM.cpp ..\src\LexerFactory.cpp ..\src\MachineWalker.cpp ..\src\Memory.cpp ..\src\RegEx.cpp ..\src\ScanMachine.cpp ..\src\Services.cpp
     1>cl : Command line warning D9002: ignoring unknown option '-std=c++11'
     1>cl : Command line warning D9002: ignoring unknown option '-pthread'
         FSM.cpp
     1>E:\Projects\compiler-tools\inc\FSM.hpp(11): warning C4251: 'CTools::State::m_transition' : class 'std::multimap<_Kty,_Ty>' needs to have dll-interface to be used by clients of class 'CTools::State'
                 with
                 [
                     _Kty=char,
                     _Ty=CTools::State *
                 ]
     1>E:\Projects\compiler-tools\inc\FSM.hpp(14): warning C4251: 'CTools::State::m_NFAStates' : class 'std::set<_Kty>' needs to have dll-interface to be used by clients of class 'CTools::State'
                 with
                 [
                     _Kty=CTools::State *
                 ]
     1>E:\Projects\compiler-tools\inc\FSM.hpp(39): warning C4267: 'return' : conversion from 'size_t' to 'CTools::s32', possible loss of data
         LexerFactory.cpp
     1>e:\projects\compiler-tools\inc\FSM.hpp(11): warning C4251: 'CTools::State::m_transition' : class 'std::multimap<_Kty,_Ty>' needs to have dll-interface to be used by clients of class 'CTools::State'
                 with
                 [
                     _Kty=char,
                     _Ty=CTools::State *
                 ]
     1>e:\projects\compiler-tools\inc\FSM.hpp(14): warning C4251: 'CTools::State::m_NFAStates' : class 'std::set<_Kty>' needs to have dll-interface to be used by clients of class 'CTools::State'
                 with
                 [
                     _Kty=CTools::State *
                 ]
     1>e:\projects\compiler-tools\inc\FSM.hpp(39): warning C4267: 'return' : conversion from 'size_t' to 'CTools::s32', possible loss of data
     1>e:\projects\compiler-tools\inc\RegEx.hpp(13): warning C4251: 'CTools::RegEx::m_NFATable' : class 'std::deque<_Ty>' needs to have dll-interface to be used by clients of class 'CTools::RegEx'
                 with
                 [
                     _Ty=CTools::State *
                 ]
     1>e:\projects\compiler-tools\inc\RegEx.hpp(13): warning C4251: 'CTools::RegEx::m_DFATable' : class 'std::deque<_Ty>' needs to have dll-interface to be used by clients of class 'CTools::RegEx'
                 with
                 [
                     _Ty=CTools::State *
                 ]
     1>e:\projects\compiler-tools\inc\RegEx.hpp(15): warning C4251: 'CTools::RegEx::m_OperandStack' : class 'std::stack<_Ty>' needs to have dll-interface to be used by clients of class 'CTools::RegEx'
                 with
                 [
                     _Ty=CTools::FSA_TABLE
                 ]
     1>e:\projects\compiler-tools\inc\RegEx.hpp(16): warning C4251: 'CTools::RegEx::m_OperatorStack' : class 'std::stack<_Ty>' needs to have dll-interface to be used by clients of class 'CTools::RegEx'
                 with
                 [
                     _Ty=char
                 ]
     1>e:\projects\compiler-tools\inc\RegEx.hpp(17): warning C4251: 'CTools::RegEx::m_InputSet' : class 'std::set<_Kty>' needs to have dll-interface to be used by clients of class 'CTools::RegEx'
                 with
                 [
                     _Kty=char
                 ]
     1>e:\projects\compiler-tools\inc\ScanMachine.hpp(17): warning C4251: 'CTools::Token::tag' : class 'std::basic_string<_Elem,_Traits,_Alloc>' needs to have dll-interface to be used by clients of class 'CTools::Token'
                 with
                 [
                     _Elem=char,
                     _Traits=std::char_traits<char>,
                     _Alloc=std::allocator<char>
                 ]
     1>e:\projects\compiler-tools\inc\ScanMachine.hpp(18): warning C4251: 'CTools::Token::lexeme' : class 'std::basic_string<_Elem,_Traits,_Alloc>' needs to have dll-interface to be used by clients of class 'CTools::Token'
                 with
                 [
                     _Elem=char,
                     _Traits=std::char_traits<char>,
                     _Alloc=std::allocator<char>
                 ]
     1>e:\projects\compiler-tools\inc\ScanMachine.hpp(40): warning C4251: 'CTools::ScanMachine::m_littleMachines' : class 'std::vector<_Ty>' needs to have dll-interface to be used by clients of class 'CTools::ScanMachine'
                 with
                 [
                     _Ty=CTools::RegEx *
                 ]
     1>e:\projects\compiler-tools\inc\ScanMachine.hpp(42): warning C4251: 'CTools::ScanMachine::m_tags' : class 'std::vector<_Ty>' needs to have dll-interface to be used by clients of class 'CTools::ScanMachine'
                 with
                 [
                     _Ty=std::string
                 ]
     1>e:\projects\compiler-tools\inc\ScanMachine.hpp(44): warning C4251: 'CTools::ScanMachine::m_current' : class 'std::vector<_Ty>' needs to have dll-interface to be used by clients of class 'CTools::ScanMachine'
                 with
                 [
                     _Ty=CTools::State *
                 ]
     1>e:\projects\compiler-tools\inc\ScanMachine.hpp(46): warning C4251: 'CTools::ScanMachine::m_ix' : class 'std::vector<_Ty>' needs to have dll-interface to be used by clients of class 'CTools::ScanMachine'
                 with
                 [
                     _Ty=CTools::s32
                 ]
     1>e:\projects\compiler-tools\inc\Memory.hpp(11): warning C4251: 'CTools::Memory::m_allocTable' : class 'std::map<_Kty,_Ty>' needs to have dll-interface to be used by clients of class 'CTools::Memory'
                 with
                 [
                     _Kty=CTools::byte *,
                     _Ty=CTools::u32
                 ]
     1>e:\projects\compiler-tools\inc\Memory.hpp(12): warning C4251: 'CTools::Memory::m_freeTable' : class 'std::map<_Kty,_Ty>' needs to have dll-interface to be used by clients of class 'CTools::Memory'
                 with
                 [
                     _Kty=CTools::byte *,
                     _Ty=CTools::u32
                 ]
         MachineWalker.cpp
     1>e:\projects\compiler-tools\inc\FSM.hpp(11): warning C4251: 'CTools::State::m_transition' : class 'std::multimap<_Kty,_Ty>' needs to have dll-interface to be used by clients of class 'CTools::State'
                 with
                 [
                     _Kty=char,
                     _Ty=CTools::State *
                 ]
     1>e:\projects\compiler-tools\inc\FSM.hpp(14): warning C4251: 'CTools::State::m_NFAStates' : class 'std::set<_Kty>' needs to have dll-interface to be used by clients of class 'CTools::State'
                 with
                 [
                     _Kty=CTools::State *
                 ]
     1>e:\projects\compiler-tools\inc\FSM.hpp(39): warning C4267: 'return' : conversion from 'size_t' to 'CTools::s32', possible loss of data
     1>e:\projects\compiler-tools\inc\RegEx.hpp(13): warning C4251: 'CTools::RegEx::m_NFATable' : class 'std::deque<_Ty>' needs to have dll-interface to be used by clients of class 'CTools::RegEx'
                 with
                 [
                     _Ty=CTools::State *
                 ]
     1>e:\projects\compiler-tools\inc\RegEx.hpp(13): warning C4251: 'CTools::RegEx::m_DFATable' : class 'std::deque<_Ty>' needs to have dll-interface to be used by clients of class 'CTools::RegEx'
                 with
                 [
                     _Ty=CTools::State *
                 ]
     1>e:\projects\compiler-tools\inc\RegEx.hpp(15): warning C4251: 'CTools::RegEx::m_OperandStack' : class 'std::stack<_Ty>' needs to have dll-interface to be used by clients of class 'CTools::RegEx'
                 with
                 [
                     _Ty=CTools::FSA_TABLE
                 ]
     1>e:\projects\compiler-tools\inc\RegEx.hpp(16): warning C4251: 'CTools::RegEx::m_OperatorStack' : class 'std::stack<_Ty>' needs to have dll-interface to be used by clients of class 'CTools::RegEx'
                 with
                 [
                     _Ty=char
                 ]
     1>e:\projects\compiler-tools\inc\RegEx.hpp(17): warning C4251: 'CTools::RegEx::m_InputSet' : class 'std::set<_Kty>' needs to have dll-interface to be used by clients of class 'CTools::RegEx'
                 with
                 [
                     _Kty=char
                 ]
     1>e:\projects\compiler-tools\inc\ScanMachine.hpp(17): warning C4251: 'CTools::Token::tag' : class 'std::basic_string<_Elem,_Traits,_Alloc>' needs to have dll-interface to be used by clients of class 'CTools::Token'
                 with
                 [
                     _Elem=char,
                     _Traits=std::char_traits<char>,
                     _Alloc=std::allocator<char>
                 ]
     1>e:\projects\compiler-tools\inc\ScanMachine.hpp(18): warning C4251: 'CTools::Token::lexeme' : class 'std::basic_string<_Elem,_Traits,_Alloc>' needs to have dll-interface to be used by clients of class 'CTools::Token'
                 with
                 [
                     _Elem=char,
                     _Traits=std::char_traits<char>,
                     _Alloc=std::allocator<char>
                 ]
     1>e:\projects\compiler-tools\inc\ScanMachine.hpp(40): warning C4251: 'CTools::ScanMachine::m_littleMachines' : class 'std::vector<_Ty>' needs to have dll-interface to be used by clients of class 'CTools::ScanMachine'
                 with
                 [
                     _Ty=CTools::RegEx *
                 ]
     1>e:\projects\compiler-tools\inc\ScanMachine.hpp(42): warning C4251: 'CTools::ScanMachine::m_tags' : class 'std::vector<_Ty>' needs to have dll-interface to be used by clients of class 'CTools::ScanMachine'
                 with
                 [
                     _Ty=std::string
                 ]
     1>e:\projects\compiler-tools\inc\ScanMachine.hpp(44): warning C4251: 'CTools::ScanMachine::m_current' : class 'std::vector<_Ty>' needs to have dll-interface to be used by clients of class 'CTools::ScanMachine'
                 with
                 [
                     _Ty=CTools::State *
                 ]
     1>e:\projects\compiler-tools\inc\ScanMachine.hpp(46): warning C4251: 'CTools::ScanMachine::m_ix' : class 'std::vector<_Ty>' needs to have dll-interface to be used by clients of class 'CTools::ScanMachine'
                 with
                 [
                     _Ty=CTools::s32
                 ]
     1>E:\Projects\compiler-tools\inc\MachineWalker.hpp(38): warning C4172: returning address of local variable or temporary
     1>E:\Projects\compiler-tools\inc\MachineWalker.hpp(45): warning C4251: 'CTools::MachineWalker::m_tokens' : class 'std::deque<_Ty>' needs to have dll-interface to be used by clients of class 'CTools::MachineWalker'
                 with
                 [
                     _Ty=CTools::Token
                 ]
     1>E:\Projects\compiler-tools\inc\MachineWalker.hpp(46): warning C4251: 'CTools::MachineWalker::m_tokenCursor' : class 'std::_Deque_iterator<_Mydeque>' needs to have dll-interface to be used by clients of class 'CTools::MachineWalker'
                 with
                 [
                     _Mydeque=std::_Deque_val<std::_Deque_simple_types<CTools::Token>>
                 ]
     1>E:\Projects\compiler-tools\inc\MachineWalker.hpp(47): warning C4251: 'CTools::MachineWalker::m_errors' : class 'std::map<_Kty,_Ty>' needs to have dll-interface to be used by clients of class 'CTools::MachineWalker'
                 with
                 [
                     _Kty=std::string,
                     _Ty=CTools::Position
                 ]
     1>E:\Projects\compiler-tools\inc\MachineWalker.hpp(49): warning C4251: 'CTools::MachineWalker::word' : class 'std::basic_string<_Elem,_Traits,_Alloc>' needs to have dll-interface to be used by clients of class 'CTools::MachineWalker'
                 with
                 [
                     _Elem=char,
                     _Traits=std::char_traits<char>,
                     _Alloc=std::allocator<char>
                 ]
     1>e:\projects\compiler-tools\inc\Memory.hpp(11): warning C4251: 'CTools::Memory::m_allocTable' : class 'std::map<_Kty,_Ty>' needs to have dll-interface to be used by clients of class 'CTools::Memory'
                 with
                 [
                     _Kty=CTools::byte *,
                     _Ty=CTools::u32
                 ]
     1>e:\projects\compiler-tools\inc\Memory.hpp(12): warning C4251: 'CTools::Memory::m_freeTable' : class 'std::map<_Kty,_Ty>' needs to have dll-interface to be used by clients of class 'CTools::Memory'
                 with
                 [
                     _Kty=CTools::byte *,
                     _Ty=CTools::u32
                 ]
         Memory.cpp
     1>E:\Projects\compiler-tools\inc\Memory.hpp(11): warning C4251: 'CTools::Memory::m_allocTable' : class 'std::map<_Kty,_Ty>' needs to have dll-interface to be used by clients of class 'CTools::Memory'
                 with
                 [
                     _Kty=CTools::byte *,
                     _Ty=CTools::u32
                 ]
     1>E:\Projects\compiler-tools\inc\Memory.hpp(12): warning C4251: 'CTools::Memory::m_freeTable' : class 'std::map<_Kty,_Ty>' needs to have dll-interface to be used by clients of class 'CTools::Memory'
                 with
                 [
                     _Kty=CTools::byte *,
                     _Ty=CTools::u32
                 ]
         RegEx.cpp
     1>e:\projects\compiler-tools\inc\FSM.hpp(11): warning C4251: 'CTools::State::m_transition' : class 'std::multimap<_Kty,_Ty>' needs to have dll-interface to be used by clients of class 'CTools::State'
                 with
                 [
                     _Kty=char,
                     _Ty=CTools::State *
                 ]
     1>e:\projects\compiler-tools\inc\FSM.hpp(14): warning C4251: 'CTools::State::m_NFAStates' : class 'std::set<_Kty>' needs to have dll-interface to be used by clients of class 'CTools::State'
                 with
                 [
                     _Kty=CTools::State *
                 ]
     1>e:\projects\compiler-tools\inc\FSM.hpp(39): warning C4267: 'return' : conversion from 'size_t' to 'CTools::s32', possible loss of data
     1>E:\Projects\compiler-tools\inc\RegEx.hpp(13): warning C4251: 'CTools::RegEx::m_NFATable' : class 'std::deque<_Ty>' needs to have dll-interface to be used by clients of class 'CTools::RegEx'
                 with
                 [
                     _Ty=CTools::State *
                 ]
     1>E:\Projects\compiler-tools\inc\RegEx.hpp(13): warning C4251: 'CTools::RegEx::m_DFATable' : class 'std::deque<_Ty>' needs to have dll-interface to be used by clients of class 'CTools::RegEx'
                 with
                 [
                     _Ty=CTools::State *
                 ]
     1>E:\Projects\compiler-tools\inc\RegEx.hpp(15): warning C4251: 'CTools::RegEx::m_OperandStack' : class 'std::stack<_Ty>' needs to have dll-interface to be used by clients of class 'CTools::RegEx'
                 with
                 [
                     _Ty=CTools::FSA_TABLE
                 ]
     1>E:\Projects\compiler-tools\inc\RegEx.hpp(16): warning C4251: 'CTools::RegEx::m_OperatorStack' : class 'std::stack<_Ty>' needs to have dll-interface to be used by clients of class 'CTools::RegEx'
                 with
                 [
                     _Ty=char
                 ]
     1>E:\Projects\compiler-tools\inc\RegEx.hpp(17): warning C4251: 'CTools::RegEx::m_InputSet' : class 'std::set<_Kty>' needs to have dll-interface to be used by clients of class 'CTools::RegEx'
                 with
                 [
                     _Kty=char
                 ]
     1>E:\Projects\compiler-tools\inc\Memory.hpp(11): warning C4251: 'CTools::Memory::m_allocTable' : class 'std::map<_Kty,_Ty>' needs to have dll-interface to be used by clients of class 'CTools::Memory'
                 with
                 [
                     _Kty=CTools::byte *,
                     _Ty=CTools::u32
                 ]
     1>E:\Projects\compiler-tools\inc\Memory.hpp(12): warning C4251: 'CTools::Memory::m_freeTable' : class 'std::map<_Kty,_Ty>' needs to have dll-interface to be used by clients of class 'CTools::Memory'
                 with
                 [
                     _Kty=CTools::byte *,
                     _Ty=CTools::u32
                 ]
         ScanMachine.cpp
     1>e:\projects\compiler-tools\inc\FSM.hpp(11): warning C4251: 'CTools::State::m_transition' : class 'std::multimap<_Kty,_Ty>' needs to have dll-interface to be used by clients of class 'CTools::State'
                 with
                 [
                     _Kty=char,
                     _Ty=CTools::State *
                 ]
     1>e:\projects\compiler-tools\inc\FSM.hpp(14): warning C4251: 'CTools::State::m_NFAStates' : class 'std::set<_Kty>' needs to have dll-interface to be used by clients of class 'CTools::State'
                 with
                 [
                     _Kty=CTools::State *
                 ]
     1>e:\projects\compiler-tools\inc\FSM.hpp(39): warning C4267: 'return' : conversion from 'size_t' to 'CTools::s32', possible loss of data
     1>e:\projects\compiler-tools\inc\RegEx.hpp(13): warning C4251: 'CTools::RegEx::m_NFATable' : class 'std::deque<_Ty>' needs to have dll-interface to be used by clients of class 'CTools::RegEx'
                 with
                 [
                     _Ty=CTools::State *
                 ]
     1>e:\projects\compiler-tools\inc\RegEx.hpp(13): warning C4251: 'CTools::RegEx::m_DFATable' : class 'std::deque<_Ty>' needs to have dll-interface to be used by clients of class 'CTools::RegEx'
                 with
                 [
                     _Ty=CTools::State *
                 ]
     1>e:\projects\compiler-tools\inc\RegEx.hpp(15): warning C4251: 'CTools::RegEx::m_OperandStack' : class 'std::stack<_Ty>' needs to have dll-interface to be used by clients of class 'CTools::RegEx'
                 with
                 [
                     _Ty=CTools::FSA_TABLE
                 ]
     1>e:\projects\compiler-tools\inc\RegEx.hpp(16): warning C4251: 'CTools::RegEx::m_OperatorStack' : class 'std::stack<_Ty>' needs to have dll-interface to be used by clients of class 'CTools::RegEx'
                 with
                 [
                     _Ty=char
                 ]
     1>e:\projects\compiler-tools\inc\RegEx.hpp(17): warning C4251: 'CTools::RegEx::m_InputSet' : class 'std::set<_Kty>' needs to have dll-interface to be used by clients of class 'CTools::RegEx'
                 with
                 [
                     _Kty=char
                 ]
     1>E:\Projects\compiler-tools\inc\ScanMachine.hpp(17): warning C4251: 'CTools::Token::tag' : class 'std::basic_string<_Elem,_Traits,_Alloc>' needs to have dll-interface to be used by clients of class 'CTools::Token'
                 with
                 [
                     _Elem=char,
                     _Traits=std::char_traits<char>,
                     _Alloc=std::allocator<char>
                 ]
     1>E:\Projects\compiler-tools\inc\ScanMachine.hpp(18): warning C4251: 'CTools::Token::lexeme' : class 'std::basic_string<_Elem,_Traits,_Alloc>' needs to have dll-interface to be used by clients of class 'CTools::Token'
                 with
                 [
                     _Elem=char,
                     _Traits=std::char_traits<char>,
                     _Alloc=std::allocator<char>
                 ]
     1>E:\Projects\compiler-tools\inc\ScanMachine.hpp(40): warning C4251: 'CTools::ScanMachine::m_littleMachines' : class 'std::vector<_Ty>' needs to have dll-interface to be used by clients of class 'CTools::ScanMachine'
                 with
                 [
                     _Ty=CTools::RegEx *
                 ]
     1>E:\Projects\compiler-tools\inc\ScanMachine.hpp(42): warning C4251: 'CTools::ScanMachine::m_tags' : class 'std::vector<_Ty>' needs to have dll-interface to be used by clients of class 'CTools::ScanMachine'
                 with
                 [
                     _Ty=std::string
                 ]
     1>E:\Projects\compiler-tools\inc\ScanMachine.hpp(44): warning C4251: 'CTools::ScanMachine::m_current' : class 'std::vector<_Ty>' needs to have dll-interface to be used by clients of class 'CTools::ScanMachine'
                 with
                 [
                     _Ty=CTools::State *
                 ]
     1>E:\Projects\compiler-tools\inc\ScanMachine.hpp(46): warning C4251: 'CTools::ScanMachine::m_ix' : class 'std::vector<_Ty>' needs to have dll-interface to be used by clients of class 'CTools::ScanMachine'
                 with
                 [
                     _Ty=CTools::s32
                 ]
     1>e:\projects\compiler-tools\inc\Memory.hpp(11): warning C4251: 'CTools::Memory::m_allocTable' : class 'std::map<_Kty,_Ty>' needs to have dll-interface to be used by clients of class 'CTools::Memory'
                 with
                 [
                     _Kty=CTools::byte *,
                     _Ty=CTools::u32
                 ]
     1>e:\projects\compiler-tools\inc\Memory.hpp(12): warning C4251: 'CTools::Memory::m_freeTable' : class 'std::map<_Kty,_Ty>' needs to have dll-interface to be used by clients of class 'CTools::Memory'
                 with
                 [
                     _Kty=CTools::byte *,
                     _Ty=CTools::u32
                 ]
         Services.cpp
     1>e:\projects\compiler-tools\inc\Memory.hpp(11): warning C4251: 'CTools::Memory::m_allocTable' : class 'std::map<_Kty,_Ty>' needs to have dll-interface to be used by clients of class 'CTools::Memory'
                 with
                 [
                     _Kty=CTools::byte *,
                     _Ty=CTools::u32
                 ]
     1>e:\projects\compiler-tools\inc\Memory.hpp(12): warning C4251: 'CTools::Memory::m_freeTable' : class 'std::map<_Kty,_Ty>' needs to have dll-interface to be used by clients of class 'CTools::Memory'
                 with
                 [
                     _Kty=CTools::byte *,
                     _Ty=CTools::u32
                 ]
         Generating Code...
     1>e:\projects\compiler-tools\src\scanmachine.cpp(153): warning C4715: 'CTools::ScanMachine::cut' : not all control paths return a value
     1>e:\projects\compiler-tools\src\scanmachine.cpp(192): warning C4715: 'CTools::ScanMachine::forceCut' : not all control paths return a value
       Link:
         C:\Program Files (x86)\Microsoft Visual Studio 11.0\VC\bin\x86_amd64\link.exe /ERRORREPORT:PROMPT /OUT:"E:\Projects\compiler-tools\build\x64\Release\CTools.dll" /INCREMENTAL:NO /NOLOGO kernel32.lib user32.lib gdi32.lib winspool.lib comdlg32.lib advapi32.lib shell32.lib ole32.lib oleaut32.lib uuid.lib odbc32.lib odbccp32.lib /MANIFEST /MANIFESTUAC:"level='asInvoker' uiAccess='false'" /manifest:embed /PDB:"E:\Projects\compiler-tools\build\x64\Release\CTools.pdb" /SUBSYSTEM:WINDOWS /OPT:REF /OPT:ICF /TLBID:1 /DYNAMICBASE /NXCOMPAT /IMPLIB:"..\bin\Release\CTools.lib" /MACHINE:X64 /DLL x64\Release\FSM.obj
         x64\Release\LexerFactory.obj
         x64\Release\MachineWalker.obj
         x64\Release\Memory.obj
         x64\Release\RegEx.obj
         x64\Release\ScanMachine.obj
         x64\Release\Services.obj
            Creating library ..\bin\Release\CTools.lib and object ..\bin\Release\CTools.exp
         CTools.vcxproj -> E:\Projects\compiler-tools\build\x64\Release\CTools.dll
     1>Done Building Project "E:\Projects\compiler-tools\build\CTools.vcxproj" (Build target(s)).

Build succeeded.

Time Elapsed 00:00:10.51
