E:\PROJECTS\COMPILER-TOOLS\BUILD\OBJ\DEBUG\CTOOLS\MACHINEWALKER.OBJ
E:\PROJECTS\COMPILER-TOOLS\BUILD\OBJ\DEBUG\CTOOLS\FSM.OBJ
E:\PROJECTS\COMPILER-TOOLS\BUILD\OBJ\DEBUG\CTOOLS\MEMORY.OBJ
E:\PROJECTS\COMPILER-TOOLS\BUILD\OBJ\DEBUG\CTOOLS\REGEX.OBJ
E:\PROJECTS\COMPILER-TOOLS\BUILD\OBJ\DEBUG\CTOOLS\SERVICES.OBJ
E:\PROJECTS\COMPILER-TOOLS\BIN\DEBUG\CTOOLS.PDB
E:\PROJECTS\COMPILER-TOOLS\BUILD\OBJ\DEBUG\CTOOLS\LEXERFACTORY.OBJ
E:\PROJECTS\COMPILER-TOOLS\BUILD\OBJ\DEBUG\CTOOLS\SCANMACHINE.OBJ
E:\Projects\compiler-tools\bin\Debug\CTools.lib
E:\Projects\compiler-tools\bin\Debug\CTools.exp
E:\PROJECTS\COMPILER-TOOLS\BIN\DEBUG\CTOOLS.ILK
E:\PROJECTS\COMPILER-TOOLS\BIN\DEBUG\CTOOLS.DLL
E:\Projects\compiler-tools\build\obj\Debug\CTools\FSM.obj
E:\Projects\compiler-tools\build\obj\Debug\CTools\LexerFactory.obj
E:\Projects\compiler-tools\build\obj\Debug\CTools\MachineWalker.obj
E:\Projects\compiler-tools\build\obj\Debug\CTools\Memory.obj
E:\Projects\compiler-tools\build\obj\Debug\CTools\RegEx.obj
E:\Projects\compiler-tools\build\obj\Debug\CTools\ScanMachine.obj
E:\Projects\compiler-tools\build\obj\Debug\CTools\Services.obj
E:\Projects\compiler-tools\build\obj\Debug\CTools\cl.command.1.tlog
E:\Projects\compiler-tools\build\obj\Debug\CTools\CL.read.1.tlog
E:\Projects\compiler-tools\build\obj\Debug\CTools\CL.write.1.tlog
E:\Projects\compiler-tools\build\obj\Debug\CTools\CTools.write.1.tlog
E:\Projects\compiler-tools\build\obj\Debug\CTools\link-cvtres.read.1.tlog
E:\Projects\compiler-tools\build\obj\Debug\CTools\link-cvtres.write.1.tlog
E:\Projects\compiler-tools\build\obj\Debug\CTools\link-rc.read.1.tlog
E:\Projects\compiler-tools\build\obj\Debug\CTools\link-rc.write.1.tlog
E:\Projects\compiler-tools\build\obj\Debug\CTools\link.2928-cvtres.read.1.tlog
E:\Projects\compiler-tools\build\obj\Debug\CTools\link.2928-cvtres.write.1.tlog
E:\Projects\compiler-tools\build\obj\Debug\CTools\link.2928-rc.read.1.tlog
E:\Projects\compiler-tools\build\obj\Debug\CTools\link.2928-rc.write.1.tlog
E:\Projects\compiler-tools\build\obj\Debug\CTools\link.2928.read.1.tlog
E:\Projects\compiler-tools\build\obj\Debug\CTools\link.2928.write.1.tlog
E:\Projects\compiler-tools\build\obj\Debug\CTools\link.3952-cvtres.read.1.tlog
E:\Projects\compiler-tools\build\obj\Debug\CTools\link.3952-cvtres.write.1.tlog
E:\Projects\compiler-tools\build\obj\Debug\CTools\link.3952-rc.read.1.tlog
E:\Projects\compiler-tools\build\obj\Debug\CTools\link.3952-rc.write.1.tlog
E:\Projects\compiler-tools\build\obj\Debug\CTools\link.3952.read.1.tlog
E:\Projects\compiler-tools\build\obj\Debug\CTools\link.3952.write.1.tlog
E:\Projects\compiler-tools\build\obj\Debug\CTools\link.416-cvtres.read.1.tlog
E:\Projects\compiler-tools\build\obj\Debug\CTools\link.416-cvtres.write.1.tlog
E:\Projects\compiler-tools\build\obj\Debug\CTools\link.416-rc.read.1.tlog
E:\Projects\compiler-tools\build\obj\Debug\CTools\link.416-rc.write.1.tlog
E:\Projects\compiler-tools\build\obj\Debug\CTools\link.416.read.1.tlog
E:\Projects\compiler-tools\build\obj\Debug\CTools\link.416.write.1.tlog
E:\Projects\compiler-tools\build\obj\Debug\CTools\link.4764-cvtres.read.1.tlog
E:\Projects\compiler-tools\build\obj\Debug\CTools\link.4764-cvtres.write.1.tlog
E:\Projects\compiler-tools\build\obj\Debug\CTools\link.4764-rc.read.1.tlog
E:\Projects\compiler-tools\build\obj\Debug\CTools\link.4764-rc.write.1.tlog
E:\Projects\compiler-tools\build\obj\Debug\CTools\link.4764.read.1.tlog
E:\Projects\compiler-tools\build\obj\Debug\CTools\link.4764.write.1.tlog
E:\Projects\compiler-tools\build\obj\Debug\CTools\link.5168-cvtres.read.1.tlog
E:\Projects\compiler-tools\build\obj\Debug\CTools\link.5168-cvtres.write.1.tlog
E:\Projects\compiler-tools\build\obj\Debug\CTools\link.5168-rc.read.1.tlog
E:\Projects\compiler-tools\build\obj\Debug\CTools\link.5168-rc.write.1.tlog
E:\Projects\compiler-tools\build\obj\Debug\CTools\link.5168.read.1.tlog
E:\Projects\compiler-tools\build\obj\Debug\CTools\link.5168.write.1.tlog
E:\Projects\compiler-tools\build\obj\Debug\CTools\link.5760-cvtres.read.1.tlog
E:\Projects\compiler-tools\build\obj\Debug\CTools\link.5760-cvtres.write.1.tlog
E:\Projects\compiler-tools\build\obj\Debug\CTools\link.5760-rc.read.1.tlog
E:\Projects\compiler-tools\build\obj\Debug\CTools\link.5760-rc.write.1.tlog
E:\Projects\compiler-tools\build\obj\Debug\CTools\link.5760.read.1.tlog
E:\Projects\compiler-tools\build\obj\Debug\CTools\link.5760.write.1.tlog
E:\Projects\compiler-tools\build\obj\Debug\CTools\link.5900-cvtres.read.1.tlog
E:\Projects\compiler-tools\build\obj\Debug\CTools\link.5900-cvtres.write.1.tlog
E:\Projects\compiler-tools\build\obj\Debug\CTools\link.5900-rc.read.1.tlog
E:\Projects\compiler-tools\build\obj\Debug\CTools\link.5900-rc.write.1.tlog
E:\Projects\compiler-tools\build\obj\Debug\CTools\link.5900.read.1.tlog
E:\Projects\compiler-tools\build\obj\Debug\CTools\link.5900.write.1.tlog
E:\Projects\compiler-tools\build\obj\Debug\CTools\link.6260-cvtres.read.1.tlog
E:\Projects\compiler-tools\build\obj\Debug\CTools\link.6260-cvtres.write.1.tlog
E:\Projects\compiler-tools\build\obj\Debug\CTools\link.6260-rc.read.1.tlog
E:\Projects\compiler-tools\build\obj\Debug\CTools\link.6260-rc.write.1.tlog
E:\Projects\compiler-tools\build\obj\Debug\CTools\link.6260.read.1.tlog
E:\Projects\compiler-tools\build\obj\Debug\CTools\link.6260.write.1.tlog
E:\Projects\compiler-tools\build\obj\Debug\CTools\link.6576-cvtres.read.1.tlog
E:\Projects\compiler-tools\build\obj\Debug\CTools\link.6576-cvtres.write.1.tlog
E:\Projects\compiler-tools\build\obj\Debug\CTools\link.6576-rc.read.1.tlog
E:\Projects\compiler-tools\build\obj\Debug\CTools\link.6576-rc.write.1.tlog
E:\Projects\compiler-tools\build\obj\Debug\CTools\link.6576.read.1.tlog
E:\Projects\compiler-tools\build\obj\Debug\CTools\link.6576.write.1.tlog
E:\Projects\compiler-tools\build\obj\Debug\CTools\link.6604-cvtres.read.1.tlog
E:\Projects\compiler-tools\build\obj\Debug\CTools\link.6604-cvtres.write.1.tlog
E:\Projects\compiler-tools\build\obj\Debug\CTools\link.6604-rc.read.1.tlog
E:\Projects\compiler-tools\build\obj\Debug\CTools\link.6604-rc.write.1.tlog
E:\Projects\compiler-tools\build\obj\Debug\CTools\link.6604.read.1.tlog
E:\Projects\compiler-tools\build\obj\Debug\CTools\link.6604.write.1.tlog
E:\Projects\compiler-tools\build\obj\Debug\CTools\link.6908-cvtres.read.1.tlog
E:\Projects\compiler-tools\build\obj\Debug\CTools\link.6908-cvtres.write.1.tlog
E:\Projects\compiler-tools\build\obj\Debug\CTools\link.6908-rc.read.1.tlog
E:\Projects\compiler-tools\build\obj\Debug\CTools\link.6908-rc.write.1.tlog
E:\Projects\compiler-tools\build\obj\Debug\CTools\link.6908.read.1.tlog
E:\Projects\compiler-tools\build\obj\Debug\CTools\link.6908.write.1.tlog
E:\Projects\compiler-tools\build\obj\Debug\CTools\link.command.1.tlog
E:\Projects\compiler-tools\build\obj\Debug\CTools\link.read.1.tlog
E:\Projects\compiler-tools\build\obj\Debug\CTools\link.write.1.tlog
E:\Projects\compiler-tools\build\..\bin\Debug\CTools.dll
